<?xml version="1.0" encoding="UTF-8"?>
<!-- Generated by org.testng.reporters.JUnitReportReporter -->
<testsuite hostname="CLLQAPRIADT058" failures="0" tests="3" name="Merchandising.ProductMaster_SEARCH" time="19.380" errors="0" timestamp="23 Aug 2018 12:10:39 GMT">
  <testcase classname="Merchandising.ProductMaster_SEARCH" name="b_searchBYcode" time="5.365"/>
  <testcase classname="Merchandising.ProductMaster_SEARCH" name="a_navigate_ProductMaster" time="9.537"/>
  <testcase classname="Merchandising.ProductMaster_SEARCH" name="c_searchBYdescription" time="4.478"/>
</testsuite> <!-- Merchandising.ProductMaster_SEARCH -->
