<?xml version="1.0" encoding="UTF-8"?>
<!-- Generated by org.testng.reporters.JUnitReportReporter -->
<testsuite hostname="CLLQAPRIADT058" failures="0" tests="5" name="Nexx.Merchandising_Prod" time="27.670" errors="0" timestamp="22 Aug 2018 07:37:27 GMT">
  <testcase classname="Nexx.Merchandising_Prod" name="openBrowser" time="4.796"/>
  <testcase classname="Nexx.Merchandising_Prod" name="setloginCredentials" time="4.719"/>
  <testcase classname="Nexx.Merchandising_Prod" name="verifyLogin" time="0.959"/>
  <testcase classname="Nexx.Merchandising_Prod" name="navigateProductMaster" time="6.315"/>
  <testcase classname="Nexx.Merchandising_Prod" name="navigateMerchandising" time="10.881"/>
</testsuite> <!-- Nexx.Merchandising_Prod -->
