<?xml version="1.0" encoding="UTF-8"?>
<!-- Generated by org.testng.reporters.JUnitReportReporter -->
<testsuite hostname="CLLQAPRIADT058" failures="0" tests="4" name="Merchandising.ProductMaster_VIEW" time="28.910" errors="0" timestamp="23 Aug 2018 12:10:39 GMT">
  <testcase classname="Merchandising.ProductMaster_VIEW" name="select_ProductToView" time="4.629"/>
  <testcase classname="Merchandising.ProductMaster_VIEW" name="navigate_ProductMaster" time="13.609"/>
  <testcase classname="Merchandising.ProductMaster_VIEW" name="verify_ListButton" time="5.205"/>
  <testcase classname="Merchandising.ProductMaster_VIEW" name="verify_viewProduct" time="5.467"/>
</testsuite> <!-- Merchandising.ProductMaster_VIEW -->
