<?xml version="1.0" encoding="UTF-8"?>
<!-- Generated by org.testng.reporters.JUnitReportReporter -->
<testsuite hostname="CLLQAPRIADT058" failures="0" tests="8" name="Nexx.Merch_ProductMaster_New" time="45.943" errors="0" timestamp="22 Aug 2018 12:09:22 GMT">
  <testcase classname="Nexx.Merch_ProductMaster_New" name="openBrowser" time="4.887"/>
  <testcase classname="Nexx.Merch_ProductMaster_New" name="setloginCredentials" time="5.556"/>
  <testcase classname="Nexx.Merch_ProductMaster_New" name="openAccordions" time="8.863"/>
  <testcase classname="Nexx.Merch_ProductMaster_New" name="closeBrowser" time="2.183"/>
  <testcase classname="Nexx.Merch_ProductMaster_New" name="clickNew" time="9.268"/>
  <testcase classname="Nexx.Merch_ProductMaster_New" name="productDetailsAccordions" time="0.263"/>
  <testcase classname="Nexx.Merch_ProductMaster_New" name="verifyLogin" time="0.999"/>
  <testcase classname="Nexx.Merch_ProductMaster_New" name="navigateProductMaster" time="13.924"/>
</testsuite> <!-- Nexx.Merch_ProductMaster_New -->
