<?xml version="1.0" encoding="UTF-8"?>
<!-- Generated by org.testng.reporters.JUnitReportReporter -->
<testsuite hostname="CLLQAPRIADT058" failures="0" tests="2" name="Merchandising.ProductMaster" time="19.192" errors="0" timestamp="23 Aug 2018 12:10:39 GMT">
  <testcase classname="Merchandising.ProductMaster" name="navigateProductMaster" time="8.437"/>
  <testcase classname="Merchandising.ProductMaster" name="navigateMerchandising" time="10.755"/>
</testsuite> <!-- Merchandising.ProductMaster -->
