<?xml version="1.0" encoding="UTF-8"?>
<!-- Generated by org.testng.reporters.JUnitReportReporter -->
<testsuite hostname="CLLQAPRIADT058" failures="0" tests="5" name="Merchandising.ProductMaster_EditProduct" time="31.359" errors="0" timestamp="23 Aug 2018 12:10:39 GMT">
  <testcase classname="Merchandising.ProductMaster_EditProduct" name="navigate_ProductMaster" time="11.532"/>
  <testcase classname="Merchandising.ProductMaster_EditProduct" name="verify_EditProduct" time="5.152"/>
  <testcase classname="Merchandising.ProductMaster_EditProduct" name="setEditDetails_Save" time="4.828"/>
  <testcase classname="Merchandising.ProductMaster_EditProduct" name="verify_EditDetailsSaved" time="5.222"/>
  <testcase classname="Merchandising.ProductMaster_EditProduct" name="select_ProductToEdit" time="4.625"/>
</testsuite> <!-- Merchandising.ProductMaster_EditProduct -->
