<?xml version="1.0" encoding="UTF-8"?>
<!-- Generated by org.testng.reporters.JUnitReportReporter -->
<testsuite hostname="CLLQAPRIADT058" failures="0" tests="3" name="Nexx.loginTest" time="10.714" errors="0" timestamp="22 Aug 2018 09:51:50 GMT">
  <testcase classname="Nexx.loginTest" name="verifyLogin" time="1.104"/>
  <testcase classname="Nexx.loginTest" name="openBrowser" time="4.930"/>
  <testcase classname="Nexx.loginTest" name="setloginCredentials" time="4.680"/>
</testsuite> <!-- Nexx.loginTest -->
