<?xml version="1.0" encoding="UTF-8"?>
<!-- Generated by org.testng.reporters.JUnitReportReporter -->
<testsuite hostname="CLLQAPRIADT058" failures="0" tests="4" name="Merchandising.ProductMaster_NEW" time="29.951" errors="0" timestamp="23 Aug 2018 12:10:39 GMT">
  <testcase classname="Merchandising.ProductMaster_NEW" name="productDetailsAccordions" time="0.234"/>
  <testcase classname="Merchandising.ProductMaster_NEW" name="navigateProductMaster" time="9.477"/>
  <testcase classname="Merchandising.ProductMaster_NEW" name="openAccordions" time="11.033"/>
  <testcase classname="Merchandising.ProductMaster_NEW" name="clickNew" time="9.207"/>
</testsuite> <!-- Merchandising.ProductMaster_NEW -->
