<?xml version="1.0" encoding="UTF-8"?>
<!-- Generated by org.testng.reporters.JUnitReportReporter -->
<testsuite hostname="CLLQAPRIADT058" failures="0" tests="3" name="Merchandising.loginTest" time="10.763" errors="0" timestamp="22 Aug 2018 14:27:02 GMT">
  <testcase classname="Merchandising.loginTest" name="openBrowser" time="5.039"/>
  <testcase classname="Merchandising.loginTest" name="setloginCredentials" time="4.735"/>
  <testcase classname="Merchandising.loginTest" name="verifyLogin" time="0.989"/>
</testsuite> <!-- Merchandising.loginTest -->
