<?xml version="1.0" encoding="UTF-8"?>
<!-- Generated by org.testng.reporters.JUnitReportReporter -->
<testsuite hostname="CLLQAPRIADT058" failures="0" tests="6" name="Nexx.Merch_ProductMaster" time="30.412" errors="0" timestamp="22 Aug 2018 12:12:25 GMT">
  <testcase classname="Nexx.Merch_ProductMaster" name="verifyLogin" time="0.932"/>
  <testcase classname="Nexx.Merch_ProductMaster" name="navigateMerchandising" time="10.813"/>
  <testcase classname="Nexx.Merch_ProductMaster" name="navigateProductMaster" time="6.796"/>
  <testcase classname="Nexx.Merch_ProductMaster" name="openBrowser" time="4.792"/>
  <testcase classname="Nexx.Merch_ProductMaster" name="setloginCredentials" time="4.771"/>
  <testcase classname="Nexx.Merch_ProductMaster" name="closeBrowser" time="2.308"/>
</testsuite> <!-- Nexx.Merch_ProductMaster -->
