<?xml version="1.0" encoding="UTF-8"?>
<!-- Generated by org.testng.reporters.JUnitReportReporter -->
<testsuite hostname="CLLQAPRIADT058" failures="0" tests="5" name="Merchandising.ProductMaster" time="28.104" errors="0" timestamp="22 Aug 2018 14:27:50 GMT">
  <testcase classname="Merchandising.ProductMaster" name="openBrowser" time="4.748"/>
  <testcase classname="Merchandising.ProductMaster" name="setloginCredentials" time="4.798"/>
  <testcase classname="Merchandising.ProductMaster" name="verifyLogin" time="0.965"/>
  <testcase classname="Merchandising.ProductMaster" name="navigateProductMaster" time="6.790"/>
  <testcase classname="Merchandising.ProductMaster" name="navigateMerchandising" time="10.803"/>
</testsuite> <!-- Merchandising.ProductMaster -->
